{
    "FunctionName": "hello-cli",
    "FunctionArn": "arn:aws:lambda:us-east-1:355899591577:function:hello-cli",
    "Runtime": "nodejs14.x",
    "Role": "arn:aws:iam::355899591577:role/lambda-exemplo",
    "Handler": "index.handler",
    "CodeSize": 330,
    "Description": "",
    "Timeout": 3,
    "MemorySize": 128,
    "LastModified": "2021-08-03T18:51:18.602+0000",
    "CodeSha256": "s6sU+IcFr81/pj9hMoO0VCEhKWBQ36RAQDexFBKCE18=",
    "Version": "$LATEST",
    "TracingConfig": {
        "Mode": "PassThrough"
    },
    "RevisionId": "e815bdae-dc0b-43e7-8ff6-5fdc9b77a158",
    "State": "Active",
    "LastUpdateStatus": "Successful",
    "PackageType": "Zip"
}
